<?xml version="1.0" encoding="UTF-8"?>
<!-- Generated by org.testng.reporters.JUnitReportReporter -->
<testsuite hostname="EMEA-PT-L00452" failures="0" tests="6" name="testsNG2.LoginTest" time="15.140" errors="0" timestamp="2023-02-26T12:10:32 IST" skipped="0">
  <testcase classname="testsNG2.LoginTest" name="tc02_loginFailed" time="2.384"/>
  <system-out/>
  <testcase classname="testsNG2.LoginTest" name="tc03_loginSucceed" time="2.637"/>
  <system-out/>
  <testcase classname="testsNG2.LoginTest" name="tc02_loginFailed" time="2.524"/>
  <system-out/>
  <testcase classname="testsNG2.LoginTest" name="tc02_loginFailed" time="2.404"/>
  <system-out/>
  <testcase classname="testsNG2.LoginTest" name="tc01_loginFailed" time="2.786"/>
  <system-out/>
  <testcase classname="testsNG2.LoginTest" name="tc02_loginFailed" time="2.405"/>
  <system-out/>
</testsuite> <!-- testsNG2.LoginTest -->
