<?xml version="1.0" encoding="UTF-8"?>
<!-- Generated by org.testng.reporters.JUnitReportReporter -->
<testsuite hostname="EMEA-PT-L00452" failures="0" tests="5" name="tests.ByProducts" time="22.173" errors="0" timestamp="2023-03-01T12:38:38 IST" skipped="0">
  <testcase classname="tests.ByProducts" name="tc01_login" time="3.835"/>
  <system-out/>
  <testcase classname="tests.ByProducts" name="tc02_chooseProduct1" time="4.465"/>
  <system-out/>
  <testcase classname="tests.ByProducts" name="tc04_chooseProductInLine" time="3.198"/>
  <system-out/>
  <testcase classname="tests.ByProducts" name="tc05_checkout" time="6.471"/>
  <system-out/>
  <testcase classname="tests.ByProducts" name="tc03_chooseProduct2" time="4.204"/>
  <system-out/>
</testsuite> <!-- tests.ByProducts -->
