<?xml version="1.0" encoding="UTF-8"?>
<!-- Generated by org.testng.reporters.JUnitReportReporter -->
<testsuite hostname="EMEA-PT-L00452" failures="0" tests="6" name="testsNG2.LoginTestNG" time="15.181" errors="0" timestamp="2023-02-22T12:25:52 IST" skipped="0">
  <testcase classname="testsNG2.LoginTestNG" name="tc02_loginFailed" time="2.390"/>
  <system-out/>
  <testcase classname="testsNG2.LoginTestNG" name="tc02_loginFailed" time="2.427"/>
  <system-out/>
  <testcase classname="testsNG2.LoginTestNG" name="tc02_loginFailed" time="2.500"/>
  <system-out/>
  <testcase classname="testsNG2.LoginTestNG" name="tc01_loginFailed" time="2.785"/>
  <system-out/>
  <testcase classname="testsNG2.LoginTestNG" name="tc02_loginFailed" time="2.356"/>
  <system-out/>
  <testcase classname="testsNG2.LoginTestNG" name="tc03_loginSucceed" time="2.723"/>
  <system-out/>
</testsuite> <!-- testsNG2.LoginTestNG -->
