<?xml version="1.0" encoding="UTF-8"?>
<!-- Generated by org.testng.reporters.JUnitReportReporter -->
<testsuite skipped="0" hostname="EMEA-PT-L00452" name="tests.ByProducts" tests="4" failures="0" timestamp="2023-02-28T13:19:20 IST" time="15.245" errors="0">
  <testcase name="tc03_chooseProduct2" time="3.525" classname="tests.ByProducts"/>
  <system-out/>
  <testcase name="tc02_chooseProduct1" time="3.511" classname="tests.ByProducts"/>
  <system-out/>
  <testcase name="tc04_checkout" time="5.110" classname="tests.ByProducts"/>
  <system-out/>
  <testcase name="tc01_login" time="3.099" classname="tests.ByProducts"/>
  <system-out/>
</testsuite> <!-- tests.ByProducts -->
