<?xml version="1.0" encoding="UTF-8"?>
<!-- Generated by org.testng.reporters.JUnitReportReporter -->
<testsuite skipped="0" hostname="EMEA-PT-L00452" name="tests.LoginTest" tests="6" failures="0" timestamp="2023-02-28T13:19:20 IST" time="15.982" errors="0">
  <testcase name="tc01_loginFailed" time="2.751" classname="tests.LoginTest"/>
  <system-out/>
  <testcase name="tc02_loginFailed" time="2.557" classname="tests.LoginTest"/>
  <system-out/>
  <testcase name="tc02_loginFailed" time="2.688" classname="tests.LoginTest"/>
  <system-out/>
  <testcase name="tc02_loginFailed" time="2.528" classname="tests.LoginTest"/>
  <system-out/>
  <testcase name="tc02_loginFailed" time="2.538" classname="tests.LoginTest"/>
  <system-out/>
  <testcase name="tc03_loginSucceed" time="2.920" classname="tests.LoginTest"/>
  <system-out/>
</testsuite> <!-- tests.LoginTest -->
